Performing C SOURCE FILE Test CMAKE_HAVE_LIBC_PTHREAD failed with the following output:
Change Dir: /home/cjb/srsRAN_4G/build/CMakeFiles/CMakeScratch/TryCompile-mjZcC2

Run Build Command(s):/usr/bin/make -f Makefile cmTC_223ab/fast && /usr/bin/make  -f CMakeFiles/cmTC_223ab.dir/build.make CMakeFiles/cmTC_223ab.dir/build
make[1]: 进入目录“/home/cjb/srsRAN_4G/build/CMakeFiles/CMakeScratch/TryCompile-mjZcC2”
Building C object CMakeFiles/cmTC_223ab.dir/src.c.o
/usr/bin/cc -DCMAKE_HAVE_LIBC_PTHREAD   -o CMakeFiles/cmTC_223ab.dir/src.c.o -c /home/cjb/srsRAN_4G/build/CMakeFiles/CMakeScratch/TryCompile-mjZcC2/src.c
Linking C executable cmTC_223ab
/usr/bin/cmake -E cmake_link_script CMakeFiles/cmTC_223ab.dir/link.txt --verbose=1
/usr/bin/cc CMakeFiles/cmTC_223ab.dir/src.c.o -o cmTC_223ab 
CMakeFiles/cmTC_223ab.dir/src.c.o：在函数‘main’中：
src.c:(.text+0x3e)：对‘pthread_create’未定义的引用
src.c:(.text+0x4a)：对‘pthread_detach’未定义的引用
src.c:(.text+0x56)：对‘pthread_cancel’未定义的引用
src.c:(.text+0x67)：对‘pthread_join’未定义的引用
src.c:(.text+0x7b)：对‘pthread_atfork’未定义的引用
collect2: error: ld returned 1 exit status
CMakeFiles/cmTC_223ab.dir/build.make:98: recipe for target 'cmTC_223ab' failed
make[1]: *** [cmTC_223ab] Error 1
make[1]: 离开目录“/home/cjb/srsRAN_4G/build/CMakeFiles/CMakeScratch/TryCompile-mjZcC2”
Makefile:127: recipe for target 'cmTC_223ab/fast' failed
make: *** [cmTC_223ab/fast] Error 2


Source file was:
#include <pthread.h>

static void* test_func(void* data)
{
  return data;
}

int main(void)
{
  pthread_t thread;
  pthread_create(&thread, NULL, test_func, NULL);
  pthread_detach(thread);
  pthread_cancel(thread);
  pthread_join(thread, NULL);
  pthread_atfork(NULL, NULL, NULL);
  pthread_exit(NULL);

  return 0;
}


Determining if the function pthread_create exists in the pthreads failed with the following output:
Change Dir: /home/cjb/srsRAN_4G/build/CMakeFiles/CMakeScratch/TryCompile-URrL7K

Run Build Command(s):/usr/bin/make -f Makefile cmTC_43348/fast && /usr/bin/make  -f CMakeFiles/cmTC_43348.dir/build.make CMakeFiles/cmTC_43348.dir/build
make[1]: 进入目录“/home/cjb/srsRAN_4G/build/CMakeFiles/CMakeScratch/TryCompile-URrL7K”
Building C object CMakeFiles/cmTC_43348.dir/CheckFunctionExists.c.o
/usr/bin/cc   -DCHECK_FUNCTION_EXISTS=pthread_create -o CMakeFiles/cmTC_43348.dir/CheckFunctionExists.c.o -c /home/cjb/srsRAN_4G/build/CMakeFiles/CMakeScratch/TryCompile-URrL7K/CheckFunctionExists.c
Linking C executable cmTC_43348
/usr/bin/cmake -E cmake_link_script CMakeFiles/cmTC_43348.dir/link.txt --verbose=1
/usr/bin/cc  -DCHECK_FUNCTION_EXISTS=pthread_create CMakeFiles/cmTC_43348.dir/CheckFunctionExists.c.o -o cmTC_43348  -lpthreads 
/usr/bin/ld: 找不到 -lpthreads
collect2: error: ld returned 1 exit status
CMakeFiles/cmTC_43348.dir/build.make:98: recipe for target 'cmTC_43348' failed
make[1]: *** [cmTC_43348] Error 1
make[1]: 离开目录“/home/cjb/srsRAN_4G/build/CMakeFiles/CMakeScratch/TryCompile-URrL7K”
Makefile:127: recipe for target 'cmTC_43348/fast' failed
make: *** [cmTC_43348/fast] Error 2



Performing C++ SOURCE FILE Test UHD_ENABLE_X300_FW_RESET failed with the following output:
Change Dir: /home/cjb/srsRAN_4G/build/CMakeFiles/CMakeScratch/TryCompile-rU5OSD

Run Build Command(s):/usr/bin/make -f Makefile cmTC_1ab4a/fast && /usr/bin/make  -f CMakeFiles/cmTC_1ab4a.dir/build.make CMakeFiles/cmTC_1ab4a.dir/build
make[1]: 进入目录“/home/cjb/srsRAN_4G/build/CMakeFiles/CMakeScratch/TryCompile-rU5OSD”
Building CXX object CMakeFiles/cmTC_1ab4a.dir/src.cxx.o
/usr/bin/c++ -DUHD_ENABLE_X300_FW_RESET  -L/usr/lib/x86_64-linux-gnu -o CMakeFiles/cmTC_1ab4a.dir/src.cxx.o -c /home/cjb/srsRAN_4G/build/CMakeFiles/CMakeScratch/TryCompile-rU5OSD/src.cxx
Linking CXX executable cmTC_1ab4a
/usr/bin/cmake -E cmake_link_script CMakeFiles/cmTC_1ab4a.dir/link.txt --verbose=1
/usr/bin/c++   -L/usr/lib/x86_64-linux-gnu CMakeFiles/cmTC_1ab4a.dir/src.cxx.o -o cmTC_1ab4a  -luhd -lboost_program_options -lboost_system 
CMakeFiles/cmTC_1ab4a.dir/src.cxx.o：在函数‘try_usrp_x300_reset()’中：
src.cxx:(.text+0x1f6)：对‘x300_make_ctrl_iface_enet(std::shared_ptr<uhd::transport::udp_simple>, bool)’未定义的引用
collect2: error: ld returned 1 exit status
CMakeFiles/cmTC_1ab4a.dir/build.make:98: recipe for target 'cmTC_1ab4a' failed
make[1]: *** [cmTC_1ab4a] Error 1
make[1]: 离开目录“/home/cjb/srsRAN_4G/build/CMakeFiles/CMakeScratch/TryCompile-rU5OSD”
Makefile:127: recipe for target 'cmTC_1ab4a/fast' failed
make: *** [cmTC_1ab4a/fast] Error 2


Source file was:
#include <uhd.h>
    #include <uhd/usrp/multi_usrp.hpp>
    #include <uhd/transport/udp_simple.hpp>

    uhd::wb_iface::sptr x300_make_ctrl_iface_enet(uhd::transport::udp_simple::sptr udp, bool enable_errors);

    uhd_error try_usrp_x300_reset()
    {
      uhd::transport::udp_simple::sptr udp_simple = uhd::transport::udp_simple::make_connected("", "49152");
      uhd::wb_iface::sptr x300_ctrl = x300_make_ctrl_iface_enet(udp_simple, true);
      x300_ctrl->poke32(0x100058, 1);
      return UHD_ERROR_NONE;
    }

    int main(int argc, char** argv)
    {
      try_usrp_x300_reset();
      return 0;
    }

Performing C++ SOURCE FILE Test UHD_ENABLE_RFNOC failed with the following output:
Change Dir: /home/cjb/srsRAN_4G/build/CMakeFiles/CMakeScratch/TryCompile-LQTcec

Run Build Command(s):/usr/bin/make -f Makefile cmTC_2dd9a/fast && /usr/bin/make  -f CMakeFiles/cmTC_2dd9a.dir/build.make CMakeFiles/cmTC_2dd9a.dir/build
make[1]: 进入目录“/home/cjb/srsRAN_4G/build/CMakeFiles/CMakeScratch/TryCompile-LQTcec”
Building CXX object CMakeFiles/cmTC_2dd9a.dir/src.cxx.o
/usr/bin/c++ -DUHD_ENABLE_RFNOC  -L/usr/lib/x86_64-linux-gnu -o CMakeFiles/cmTC_2dd9a.dir/src.cxx.o -c /home/cjb/srsRAN_4G/build/CMakeFiles/CMakeScratch/TryCompile-LQTcec/src.cxx
/home/cjb/srsRAN_4G/build/CMakeFiles/CMakeScratch/TryCompile-LQTcec/src.cxx:2:14: fatal error: uhd/device3.hpp: 没有那个文件或目录
     #include <uhd/device3.hpp>
              ^~~~~~~~~~~~~~~~~
compilation terminated.
CMakeFiles/cmTC_2dd9a.dir/build.make:77: recipe for target 'CMakeFiles/cmTC_2dd9a.dir/src.cxx.o' failed
make[1]: *** [CMakeFiles/cmTC_2dd9a.dir/src.cxx.o] Error 1
make[1]: 离开目录“/home/cjb/srsRAN_4G/build/CMakeFiles/CMakeScratch/TryCompile-LQTcec”
Makefile:127: recipe for target 'cmTC_2dd9a/fast' failed
make: *** [cmTC_2dd9a/fast] Error 2


Source file was:
#include <uhd.h>
    #include <uhd/device3.hpp>
    #include <uhd/rfnoc/ddc_block_ctrl.hpp>
    #include <uhd/rfnoc/radio_ctrl.hpp>

    static uhd::device3::sptr device3;
    static uhd::rfnoc::ddc_block_ctrl::sptr ddc_ctrl;
    static uhd::rfnoc::radio_ctrl::sptr radio_ctrl;

    uhd_error try_device3_ddc_ctrl()
    {
      ddc_ctrl = device3->get_block_ctrl<uhd::rfnoc::ddc_block_ctrl>(uhd::rfnoc::block_id_t("DDC_0"));
      return UHD_ERROR_NONE;
    }

    uhd_error try_device3_radio_ctrl()
    {
      radio_ctrl = device3->get_block_ctrl<uhd::rfnoc::radio_ctrl>(uhd::rfnoc::block_id_t("Radio_0"));
      return UHD_ERROR_NONE;
    }

    int main(int argc, char** argv)
    {
      try_device3_ddc_ctrl();
      try_device3_radio_ctrl();
      return 0;
    }

Performing C++ SOURCE FILE Test UHD_ENABLE_CUSTOM_RFNOC failed with the following output:
Change Dir: /home/cjb/srsRAN_4G/build/CMakeFiles/CMakeScratch/TryCompile-fHlgCL

Run Build Command(s):/usr/bin/make -f Makefile cmTC_c302a/fast && /usr/bin/make  -f CMakeFiles/cmTC_c302a.dir/build.make CMakeFiles/cmTC_c302a.dir/build
make[1]: 进入目录“/home/cjb/srsRAN_4G/build/CMakeFiles/CMakeScratch/TryCompile-fHlgCL”
Building CXX object CMakeFiles/cmTC_c302a.dir/src.cxx.o
/usr/bin/c++ -DUHD_ENABLE_CUSTOM_RFNOC  -L/usr/lib/x86_64-linux-gnu -o CMakeFiles/cmTC_c302a.dir/src.cxx.o -c /home/cjb/srsRAN_4G/build/CMakeFiles/CMakeScratch/TryCompile-fHlgCL/src.cxx
/home/cjb/srsRAN_4G/build/CMakeFiles/CMakeScratch/TryCompile-fHlgCL/src.cxx:2:14: fatal error: uhd/device3.hpp: 没有那个文件或目录
     #include <uhd/device3.hpp>
              ^~~~~~~~~~~~~~~~~
compilation terminated.
CMakeFiles/cmTC_c302a.dir/build.make:77: recipe for target 'CMakeFiles/cmTC_c302a.dir/src.cxx.o' failed
make[1]: *** [CMakeFiles/cmTC_c302a.dir/src.cxx.o] Error 1
make[1]: 离开目录“/home/cjb/srsRAN_4G/build/CMakeFiles/CMakeScratch/TryCompile-fHlgCL”
Makefile:127: recipe for target 'cmTC_c302a/fast' failed
make: *** [cmTC_c302a/fast] Error 2


Source file was:
#include <uhd.h>
    #include <uhd/device3.hpp>
    #include <uhd/rfnoc/ddc_ch2_block_ctrl.hpp>

    static uhd::device3::sptr device3;
    static uhd::rfnoc::ddc_ch2_block_ctrl::sptr ddc_ctrl;

    uhd_error try_device3_ddc_ch2_ctrl()
    {
      ddc_ctrl = device3->get_block_ctrl<uhd::rfnoc::ddc_ch2_block_ctrl>(uhd::rfnoc::block_id_t("DDCch2_0"));
      return UHD_ERROR_NONE;
    }

    int main(int argc, char** argv)
    {
      try_device3_ddc_ch2_ctrl();
      return 0;
    }

Performing C SOURCE FILE Test HAVE_AVX512 failed with the following output:
Change Dir: /home/cjb/srsRAN_4G/build/CMakeFiles/CMakeTmp

Run Build Command(s):/usr/bin/make -f Makefile cmTC_11257/fast && /usr/bin/make  -f CMakeFiles/cmTC_11257.dir/build.make CMakeFiles/cmTC_11257.dir/build
make[1]: 进入目录“/home/cjb/srsRAN_4G/build/CMakeFiles/CMakeTmp”
Building C object CMakeFiles/cmTC_11257.dir/src.c.o
/usr/bin/cc   -DHAVE_AVX512 -mavx512f -mavx512cd -mavx512bw -mavx512dq -DLV_HAVE_AVX512 -o CMakeFiles/cmTC_11257.dir/src.c.o -c /home/cjb/srsRAN_4G/build/CMakeFiles/CMakeTmp/src.c
Linking C executable cmTC_11257
/usr/bin/cmake -E cmake_link_script CMakeFiles/cmTC_11257.dir/link.txt --verbose=1
/usr/bin/cc  -DHAVE_AVX512 -mavx512f -mavx512cd -mavx512bw -mavx512dq -DLV_HAVE_AVX512 CMakeFiles/cmTC_11257.dir/src.c.o -o cmTC_11257 
make[1]: 离开目录“/home/cjb/srsRAN_4G/build/CMakeFiles/CMakeTmp”


Return value: FAILED_TO_RUN
Source file was:

          #include <immintrin.h>
          int main()
          {
            __m512i a, b, c;
            const int src[16] = { 0x0, 0x1, 0x2, 0x3, 0x4, 0x5, 0x6, 0x7, 0x8 , 0x9, 0xA, 0xB, 0xC, 0xD, 0xE, 0xF};
            int dst[16];
            a =  _mm512_loadu_si512( (__m512i*)src );
            b =  _mm512_loadu_si512( (__m512i*)src );
            c = _mm512_add_epi32( a, b );
            _mm512_storeu_si512( (__m512i*)dst, c );
            int i = 0;
            for( i = 0; i < 16; i++ ){
              if( ( src[i] + src[i] ) != dst[i] ){
                return -1;
              }
            }
            return 0;
          }
